#
# A fatal error has been detected by the Java Runtime Environment:
#
#  Internal Error (javaClasses.cpp:127), pid=10192, tid=11424
#  fatal error: Invalid layout of preloaded class
#
# JRE version:  (8.0_45-b15) (build )
# Java VM: Java HotSpot(TM) 64-Bit Server VM (25.45-b02 mixed mode windows-amd64 compressed oops)
# Failed to write core dump. Minidumps are not enabled by default on client versions of Windows
#
# If you would like to submit a bug report, please visit:
#   http://bugreport.java.com/bugreport/crash.jsp
#

---------------  T H R E A D  ---------------

Current thread (0x00000000026c2800):  JavaThread "Unknown thread" [_thread_in_vm, id=11424, stack(0x00000000025a0000,0x00000000026a0000)]

Stack: [0x00000000025a0000,0x00000000026a0000]
Native frames: (J=compiled Java code, j=interpreted, Vv=VM code, C=native code)
V  [jvm.dll+0x32b57a]
V  [jvm.dll+0x279873]
V  [jvm.dll+0x27a509]
V  [jvm.dll+0x2717a6]
V  [jvm.dll+0x68183]
V  [jvm.dll+0x68273]
V  [jvm.dll+0x7d74a]
V  [jvm.dll+0x7dab6]
V  [jvm.dll+0xf2157]
V  [jvm.dll+0xf24e6]
V  [jvm.dll+0x20f097]
V  [jvm.dll+0x240e0a]
V  [jvm.dll+0x15ba41]
C  [javaw.exe+0x217e]
C  [javaw.exe+0xcd17]
C  [javaw.exe+0xcdab]
C  [KERNEL32.DLL+0x13d2]
C  [ntdll.dll+0x703c4]


---------------  P R O C E S S  ---------------

Java Threads: ( => current thread )

Other Threads:

=>0x00000000026c2800 (exited) JavaThread "Unknown thread" [_thread_in_vm, id=11424, stack(0x00000000025a0000,0x00000000026a0000)]

VM state:not at safepoint (not fully initialized)

VM Mutex/Monitor currently owned by a thread: None

GC Heap History (0 events):
No events

Deoptimization events (0 events):
No events

Internal exceptions (0 events):
No events

Events (10 events):
Event: 0.017 loading class java/lang/CharSequence done
Event: 0.017 loading class java/lang/String done
Event: 0.017 loading class java/lang/Class
Event: 0.017 loading class java/lang/reflect/AnnotatedElement
Event: 0.017 loading class java/lang/reflect/AnnotatedElement done
Event: 0.017 loading class java/lang/reflect/GenericDeclaration
Event: 0.017 loading class java/lang/reflect/GenericDeclaration done
Event: 0.017 loading class java/lang/reflect/Type
Event: 0.017 loading class java/lang/reflect/Type done
Event: 0.017 loading class java/lang/Class done


Dynamic libraries:
0x00007ff716040000 - 0x00007ff716077000 	C:\Program Files\Java\jre1.8.0_45\bin\javaw.exe
0x00007ff8e9230000 - 0x00007ff8e93dc000 	C:\Windows\SYSTEM32\ntdll.dll
0x00007ff8e90f0000 - 0x00007ff8e922e000 	C:\Windows\system32\KERNEL32.DLL
0x00007ff8e6450000 - 0x00007ff8e6565000 	C:\Windows\system32\KERNELBASE.dll
0x00007ff8e4f20000 - 0x00007ff8e4fae000 	C:\Windows\system32\apphelp.dll
0x00007ff8d6950000 - 0x00007ff8d69a3000 	C:\Windows\AppPatch\AppPatch64\AcGenral.DLL
0x00007ff8e84b0000 - 0x00007ff8e855a000 	C:\Windows\system32\msvcrt.dll
0x00007ff8e61b0000 - 0x00007ff8e61de000 	C:\Windows\SYSTEM32\SspiCli.dll
0x00007ff8e6ad0000 - 0x00007ff8e6b24000 	C:\Windows\system32\SHLWAPI.dll
0x00007ff8e8880000 - 0x00007ff8e89f7000 	C:\Windows\system32\USER32.dll
0x00007ff8e8f50000 - 0x00007ff8e90e4000 	C:\Windows\system32\ole32.dll
0x00007ff8e6b30000 - 0x00007ff8e8048000 	C:\Windows\system32\SHELL32.dll
0x00007ff8e5950000 - 0x00007ff8e5971000 	C:\Windows\SYSTEM32\USERENV.dll
0x00007ff8e8050000 - 0x00007ff8e80fa000 	C:\Windows\system32\ADVAPI32.dll
0x00007ff8d5af0000 - 0x00007ff8d5b0e000 	C:\Windows\SYSTEM32\MPR.dll
0x00007ff8e8a00000 - 0x00007ff8e8b41000 	C:\Windows\system32\RPCRT4.dll
0x00007ff8e8450000 - 0x00007ff8e84a9000 	C:\Windows\SYSTEM32\sechost.dll
0x00007ff8e85c0000 - 0x00007ff8e87d1000 	C:\Windows\SYSTEM32\combase.dll
0x00007ff8e82f0000 - 0x00007ff8e8441000 	C:\Windows\system32\GDI32.dll
0x00007ff8e6380000 - 0x00007ff8e6395000 	C:\Windows\SYSTEM32\profapi.dll
0x00007ff8e46d0000 - 0x00007ff8e4782000 	C:\Windows\SYSTEM32\SHCORE.dll
0x00007ff8e68b0000 - 0x00007ff8e68e6000 	C:\Windows\system32\IMM32.DLL
0x00007ff8e6970000 - 0x00007ff8e6ac3000 	C:\Windows\system32\MSCTF.dll
0x00007ff8e3ad0000 - 0x00007ff8e3d4b000 	C:\Windows\WinSxS\amd64_microsoft.windows.common-controls_6595b64144ccf1df_6.0.9600.17415_none_6240486fecbd8abb\COMCTL32.dll
0x000000005b9a0000 - 0x000000005ba72000 	C:\Program Files\Java\jre1.8.0_45\bin\msvcr100.dll
0x000000005bdc0000 - 0x000000005c643000 	C:\Program Files\Java\jre1.8.0_45\bin\server\jvm.dll
0x00007ff8db120000 - 0x00007ff8db129000 	C:\Windows\SYSTEM32\WSOCK32.dll
0x00007ff8d5700000 - 0x00007ff8d5722000 	C:\Windows\SYSTEM32\WINMM.dll
0x00007ff8e0030000 - 0x00007ff8e003a000 	C:\Windows\SYSTEM32\VERSION.dll
0x00007ff8e8100000 - 0x00007ff8e8107000 	C:\Windows\system32\PSAPI.DLL
0x00007ff8e8800000 - 0x00007ff8e885a000 	C:\Windows\system32\WS2_32.dll
0x00007ff8d56d0000 - 0x00007ff8d56fa000 	C:\Windows\SYSTEM32\WINMMBASE.dll
0x00007ff8e87f0000 - 0x00007ff8e87f9000 	C:\Windows\system32\NSI.dll
0x00007ff8e6570000 - 0x00007ff8e65bf000 	C:\Windows\SYSTEM32\cfgmgr32.dll
0x00007ff8e5170000 - 0x00007ff8e5198000 	C:\Windows\SYSTEM32\DEVOBJ.dll
0x000000005bdb0000 - 0x000000005bdbf000 	C:\Program Files\Java\jre1.8.0_45\bin\verify.dll
0x000000005bd80000 - 0x000000005bda9000 	C:\Program Files\Java\jre1.8.0_45\bin\java.dll
0x000000005bd60000 - 0x000000005bd76000 	C:\Program Files\Java\jre1.8.0_45\bin\zip.dll
0x00007ff8d6b60000 - 0x00007ff8d6cea000 	C:\Windows\SYSTEM32\dbghelp.dll

VM Arguments:
jvm_args: -Dfile.encoding=UTF-8 -Xbootclasspath:C:\Users\유진\android-sdks\platforms\android-19\android.jar 
java_command: com.nuriapp.crc.KmpCrcCheck
java_class_path (initial): C:\Users\유진\workspace\OMRHandHeldApp\libs\commons-lang3-3.3.2.jar;C:\Users\유진\workspace\OMRHandHeldApp\libs\android-support-v4.jar;C:\Users\유진\workspace\OMRHandHeldApp\libs\ksoap2-android-assembly-3.4.0-jar-with-dependencies.jar;C:\Users\유진\workspace\OMRHandHeldApp\libs\opencsv-2.4.jar;C:\Users\유진\Desktop\PhysicaloidLibrary-master\PhysicaloidLibrary-master\PhysicaloidLibrary\libs\d2xx.jar;C:\Users\유진\Desktop\PhysicaloidLibrary-master\PhysicaloidLibrary-master\PhysicaloidLibrary\bin\physicaloidlibrary.jar;C:\Users\유진\Desktop\opencsv-2.4.jar;C:\Users\유진\workspace\OMRHandHeldApp\bin\classes
Launcher Type: SUN_STANDARD

Environment Variables:
JAVA_HOME=C:\Program Files\Java\jdk1.8.0_45
CLASSPATH=C:\Program Files (x86)\Novosoft\C2J\Bin\c2jruntime.zip;C:\Program Files (x86)\Novosoft\C2J\Bin\c2jruntime.zip;
PATH=C:/Program Files/Java/jre1.8.0_45/bin/server;C:/Program Files/Java/jre1.8.0_45/bin;C:/Program Files/Java/jre1.8.0_45/lib/amd64;C:\ProgramData\Oracle\Java\javapath;C:\Program Files (x86)\Intel\iCLS Client\;C:\Program Files\Intel\iCLS Client\;C:\Windows\system32;C:\Windows;C:\Windows\System32\Wbem;C:\Windows\System32\WindowsPowerShell\v1.0\;C:\Program Files\Intel\Intel(R) Management Engine Components\DAL;C:\Program Files (x86)\Intel\Intel(R) Management Engine Components\DAL;C:\Program Files\Intel\Intel(R) Management Engine Components\IPT;C:\Program Files (x86)\Intel\Intel(R) Management Engine Components\IPT;C:\Program Files\Samsung\SamsungLink\AllShare Framework DMS\bin\;C:\Program Files\Java\jdk1.8.0_45\bin;C:\Program Files (x86)\Windows Kits\8.1\Windows Performance Toolkit\;C:\Program Files\Microsoft SQL Server\110\Tools\Binn\;C:\Program Files (x86)\Novosoft\C2J\Bin;C:\Program Files (x86)\Novosoft\C2J\Bin;;;;C:\eclipse-java-luna-SR2-win32-x86_64\eclipse;
USERNAME=유진
OS=Windows_NT
PROCESSOR_IDENTIFIER=Intel64 Family 6 Model 61 Stepping 4, GenuineIntel



---------------  S Y S T E M  ---------------

OS: Windows 8.1 , 64 bit Build 9600 (6.3.9600.17415)

CPU:total 4 (2 cores per cpu, 2 threads per core) family 6 model 61 stepping 4, cmov, cx8, fxsr, mmx, sse, sse2, sse3, ssse3, sse4.1, sse4.2, popcnt, avx, avx2, aes, clmul, erms, 3dnowpref, lzcnt, ht, tsc, tscinvbit, bmi1, bmi2, adx

Memory: 4k page, physical 8301912k(4875320k free), swap 11087192k(5431248k free)

vm_info: Java HotSpot(TM) 64-Bit Server VM (25.45-b02) for windows-amd64 JRE (1.8.0_45-b15), built on Apr 30 2015 12:40:44 by "java_re" with MS VC++ 10.0 (VS2010)

time: Wed Jun 17 18:30:47 2015
elapsed time: 0 seconds (0d 0h 0m 0s)

